Determining if the pthread_create exist failed with the following output:
Change Dir: /home/rurin/drone-pj-2016aw/catkin_ws/build/CMakeFiles/CMakeTmp

Run Build Command:"/usr/bin/make" "cmTC_89f5a/fast"
/usr/bin/make -f CMakeFiles/cmTC_89f5a.dir/build.make CMakeFiles/cmTC_89f5a.dir/build
make[1]: 디렉터리 '/home/rurin/drone-pj-2016aw/catkin_ws/build/CMakeFiles/CMakeTmp' 들어감
Building C object CMakeFiles/cmTC_89f5a.dir/CheckSymbolExists.c.o
/usr/bin/cc     -o CMakeFiles/cmTC_89f5a.dir/CheckSymbolExists.c.o   -c /home/rurin/drone-pj-2016aw/catkin_ws/build/CMakeFiles/CMakeTmp/CheckSymbolExists.c
Linking C executable cmTC_89f5a
/usr/bin/cmake -E cmake_link_script CMakeFiles/cmTC_89f5a.dir/link.txt --verbose=1
/usr/bin/cc       CMakeFiles/cmTC_89f5a.dir/CheckSymbolExists.c.o  -o cmTC_89f5a -rdynamic 
CMakeFiles/cmTC_89f5a.dir/CheckSymbolExists.c.o: In function `main':
CheckSymbolExists.c:(.text+0x16): undefined reference to `pthread_create'
collect2: error: ld returned 1 exit status
CMakeFiles/cmTC_89f5a.dir/build.make:97: 'cmTC_89f5a' 타겟에 대한 명령이 실패했습니다
make[1]: *** [cmTC_89f5a] 오류 1
make[1]: 디렉터리 '/home/rurin/drone-pj-2016aw/catkin_ws/build/CMakeFiles/CMakeTmp' 나감
Makefile:126: 'cmTC_89f5a/fast' 타겟에 대한 명령이 실패했습니다
make: *** [cmTC_89f5a/fast] 오류 2

File /home/rurin/drone-pj-2016aw/catkin_ws/build/CMakeFiles/CMakeTmp/CheckSymbolExists.c:
/* */
#include <pthread.h>

int main(int argc, char** argv)
{
  (void)argv;
#ifndef pthread_create
  return ((int*)(&pthread_create))[argc];
#else
  (void)argc;
  return 0;
#endif
}

Determining if the function pthread_create exists in the pthreads failed with the following output:
Change Dir: /home/rurin/drone-pj-2016aw/catkin_ws/build/CMakeFiles/CMakeTmp

Run Build Command:"/usr/bin/make" "cmTC_b21a1/fast"
/usr/bin/make -f CMakeFiles/cmTC_b21a1.dir/build.make CMakeFiles/cmTC_b21a1.dir/build
make[1]: 디렉터리 '/home/rurin/drone-pj-2016aw/catkin_ws/build/CMakeFiles/CMakeTmp' 들어감
Building C object CMakeFiles/cmTC_b21a1.dir/CheckFunctionExists.c.o
/usr/bin/cc    -DCHECK_FUNCTION_EXISTS=pthread_create   -o CMakeFiles/cmTC_b21a1.dir/CheckFunctionExists.c.o   -c /usr/share/cmake-3.5/Modules/CheckFunctionExists.c
Linking C executable cmTC_b21a1
/usr/bin/cmake -E cmake_link_script CMakeFiles/cmTC_b21a1.dir/link.txt --verbose=1
/usr/bin/cc   -DCHECK_FUNCTION_EXISTS=pthread_create    CMakeFiles/cmTC_b21a1.dir/CheckFunctionExists.c.o  -o cmTC_b21a1 -rdynamic -lpthreads 
/usr/bin/ld: cannot find -lpthreads
collect2: error: ld returned 1 exit status
CMakeFiles/cmTC_b21a1.dir/build.make:97: 'cmTC_b21a1' 타겟에 대한 명령이 실패했습니다
make[1]: *** [cmTC_b21a1] 오류 1
make[1]: 디렉터리 '/home/rurin/drone-pj-2016aw/catkin_ws/build/CMakeFiles/CMakeTmp' 나감
Makefile:126: 'cmTC_b21a1/fast' 타겟에 대한 명령이 실패했습니다
make: *** [cmTC_b21a1/fast] 오류 2


